0 info it worked if it ends with ok
1 verbose cli [ 'C:\\Program Files\\nodejs\\node.exe',
1 verbose cli   'C:\\Program Files\\nodejs\\node_modules\\npm\\bin\\npm-cli.js',
1 verbose cli   'run',
1 verbose cli   'serve' ]
2 info using npm@3.10.10
3 info using node@v6.10.3
4 verbose run-script [ 'preserve', 'serve', 'postserve' ]
5 info lifecycle uabcs-educate@1.0.1~preserve: uabcs-educate@1.0.1
6 silly lifecycle uabcs-educate@1.0.1~preserve: no script for preserve, continuing
7 info lifecycle uabcs-educate@1.0.1~serve: uabcs-educate@1.0.1
8 verbose lifecycle uabcs-educate@1.0.1~serve: unsafe-perm in lifecycle true
9 verbose lifecycle uabcs-educate@1.0.1~serve: PATH: C:\Program Files\nodejs\node_modules\npm\bin\node-gyp-bin;C:\Users\chris\PhpstormProjects\uabcs-educate\node_modules\.bin;C:\Program Files (x86)\Git\mingw32\bin;C:\Program Files (x86)\Git\usr\bin;C:\Users\chris\bin;C:\ProgramData\Oracle\Java\javapath;C:\Program Files (x86)\Intel\iCLS Client;C:\Program Files\Intel\iCLS Client;C:\windows\system32;C:\windows;C:\windows\System32\Wbem;C:\windows\System32\WindowsPowerShell\v1.0;C:\Program Files (x86)\Intel\Intel(R) Management Engine Components\DAL;C:\Program Files\Intel\Intel(R) Management Engine Components\DAL;C:\Program Files (x86)\Intel\Intel(R) Management Engine Components\IPT;C:\Program Files\Intel\Intel(R) Management Engine Components\IPT;C:\Program Files (x86)\NVIDIA Corporation\PhysX\Common;C:\Program Files (x86)\Git\cmd;C:\Program Files\ArangoDB3 3.1.21\bin;C:\ProgramData\ComposerSetup\bin;C:\Users\Public\Documents\ArangoDB3 3.1.21\usr\bin;C:\Program Files\nodejs;C:\Program Files\PuTTY;C:\HashiCorp\Vagrant\bin;C:\Go\bin;C:\Program Files\Intel\WiFi\bin;C:\Program Files\Common Files\Intel\WirelessCommon;C:\Users\chris\AppData\Local\Microsoft\WindowsApps;C:\xampp\php;C:\Users\chris\AppData\Roaming\Composer\vendor\bin;C:\Users\chris\AppData\Local\ArangoDB3-client 3.1.21\usr\bin;C:\Users\chris\AppData\Roaming\npm;C:\Users\chris\AppData\Local\atom\bin;C:\Users\chris\AppData\Local\Google\Cloud SDK\google-cloud-sdk\bin;C:\Program Files\MySQL\MySQL Server 5.7\bin;C:\Program Files\Java\jdk1.8.0_131\bin;C:\Program Files (x86)\sox-14-4-1
10 verbose lifecycle uabcs-educate@1.0.1~serve: CWD: C:\Users\chris\PhpstormProjects\uabcs-educate
11 silly lifecycle uabcs-educate@1.0.1~serve: Args: [ '/d /s /c', 'http-server' ]
12 verbose stack Error: kill ENOSYS
12 verbose stack     at exports._errnoException (util.js:1018:11)
12 verbose stack     at process.kill (internal/process.js:190:13)
12 verbose stack     at process.listener (C:\Program Files\nodejs\node_modules\npm\node_modules\npmlog\node_modules\gauge\node_modules\signal-exit\index.js:86:15)
12 verbose stack     at emitNone (events.js:91:20)
12 verbose stack     at process.emit (events.js:185:7)
12 verbose stack     at processEmit (C:\Program Files\nodejs\node_modules\npm\node_modules\npmlog\node_modules\gauge\node_modules\signal-exit\index.js:146:32)
12 verbose stack     at processEmit (C:\Program Files\nodejs\node_modules\npm\node_modules\npm-registry-client\node_modules\npmlog\node_modules\gauge\node_modules\signal-exit\index.js:146:32)
12 verbose stack     at Signal.wrap.onsignal (internal/process.js:217:44)
13 verbose cwd C:\Users\chris\PhpstormProjects\uabcs-educate
14 error Windows_NT 10.0.14393
15 error argv "C:\\Program Files\\nodejs\\node.exe" "C:\\Program Files\\nodejs\\node_modules\\npm\\bin\\npm-cli.js" "run" "serve"
16 error node v6.10.3
17 error npm  v3.10.10
18 error code ENOSYS
19 error errno ENOSYS
20 error syscall kill
21 error kill ENOSYS
22 error If you need help, you may report this error at:
22 error     <https://github.com/npm/npm/issues>
23 verbose exit [ 1, true ]
